<?xml version="1.0" encoding="UTF-8"?>
<!-- Generated by org.testng.reporters.JUnitReportReporter -->
<testsuite hostname="MACMD770" failures="0" tests="1" name="runner.Mstock" time="67.731" errors="0" timestamp="2025-02-21T17:37:49 IST" skipped="0">
  <testcase classname="runner.Mstock" name="runScenario" time="67.731"/>
  <system-out/>
</testsuite> <!-- runner.Mstock -->
