<?xml version="1.0" encoding="UTF-8"?>
<!-- Generated by org.testng.reporters.JUnitReportReporter -->
<testsuite hostname="MACMD770" failures="0" tests="1" name="runner.Mstock_Runner" time="0.166" errors="1" timestamp="2025-02-12T12:20:48 IST" skipped="0">
  <testcase classname="runner.Mstock_Runner" name="runScenario" time="0.166">
    <error message="C:\Users\vivek.nityo\git\New folder\MStock_Web\src\main\resources\Configd.properties (The system cannot find the path specified)" type="java.io.FileNotFoundException">
      <![CDATA[java.io.FileNotFoundException: C:\Users\vivek.nityo\git\New folder\MStock_Web\src\main\resources\Configd.properties (The system cannot find the path specified)
at java.base/java.io.FileInputStream.open0(Native Method)
at java.base/java.io.FileInputStream.open(FileInputStream.java:219)
at java.base/java.io.FileInputStream.<init>(FileInputStream.java:159)
at java.base/java.io.FileInputStream.<init>(FileInputStream.java:112)
at utility.propertyReader.readpropertydata(propertyReader.java:21)
at MStockStep.ApplicationHooks.openBrowser(ApplicationHooks.java:21)
]]>
    </error>
  </testcase> <!-- runScenario -->
  <system-out/>
</testsuite> <!-- runner.Mstock_Runner -->
